2012/09/29 14:16:36 [error] [system.db.CDbCommand] CDbCommand::fetchAll() failed: SQLSTATE[42S02]: Base table or view not found: 1146 Table 'yourescape.subscriptions' doesn't exist. The SQL statement executed was: SHOW COLUMNS FROM `subscriptions`.
in E:\www\stas.dev.com\protected\components\Controller.php (49)
in E:\www\stas.dev.com\public\index.php (39)
2012/09/29 14:16:36 [error] [exception.CDbException] exception 'CDbException' with message 'The table "subscriptions" for active record class "Subscription" cannot be found in the database.' in E:\www\yii\db\ar\CActiveRecord.php:2276
Stack trace:
#0 E:\www\yii\db\ar\CActiveRecord.php(372): CActiveRecordMetaData->__construct(Object(Subscription))
#1 E:\www\yii\db\ar\CActiveRecord.php(387): CActiveRecord::model('Subscription')
#2 E:\www\yii\db\ar\CActiveRecord.php(62): CActiveRecord->getMetaData()
#3 E:\www\stas.dev.com\protected\components\Controller.php(49): CActiveRecord->__construct()
#4 E:\www\yii\web\CWebApplication.php(350): Controller->__construct('site', NULL)
#5 E:\www\yii\web\CWebApplication.php(271): CWebApplication->createController('')
#6 E:\www\yii\web\CWebApplication.php(136): CWebApplication->runController('')
#7 E:\www\yii\base\CApplication.php(158): CWebApplication->processRequest()
#8 E:\www\stas.dev.com\public\index.php(39): CApplication->run()
#9 {main} REQUEST_URI=/
2012/09/29 14:16:36 [error] [exception.CHttpException.404] exception 'CHttpException' with message 'Unable to resolve the request "favicon.ico".' in E:\www\yii\web\CWebApplication.php:281
Stack trace:
#0 E:\www\yii\web\CWebApplication.php(136): CWebApplication->runController('favicon.ico')
#1 E:\www\yii\base\CApplication.php(158): CWebApplication->processRequest()
#2 E:\www\stas.dev.com\public\index.php(39): CApplication->run()
#3 {main} REQUEST_URI=/favicon.ico
2012/09/29 14:16:36 [error] [system.db.CDbCommand] CDbCommand::fetchAll() failed: SQLSTATE[42S02]: Base table or view not found: 1146 Table 'yourescape.subscriptions' doesn't exist. The SQL statement executed was: SHOW COLUMNS FROM `subscriptions`.
in E:\www\stas.dev.com\protected\components\Controller.php (49)
2012/09/29 14:20:09 [error] [exception.CDbException] exception 'CDbException' with message 'CDbConnection failed to open the DB connection: SQLSTATE[28000] [1045] Access denied for user 'sluluw_bub'@'localhost' (using password: YES)' in E:\www\yii\db\CDbConnection.php:364
Stack trace:
#0 E:\www\yii\db\CDbConnection.php(313): CDbConnection->open()
#1 E:\www\yii\db\CDbConnection.php(291): CDbConnection->setActive(true)
#2 E:\www\yii\base\CModule.php(372): CDbConnection->init()
#3 E:\www\yii\base\CApplication.php(429): CModule->getComponent('db')
#4 E:\www\yii\db\ar\CActiveRecord.php(609): CApplication->getDb()
#5 E:\www\yii\db\ar\CActiveRecord.php(2275): CActiveRecord->getDbConnection()
#6 E:\www\yii\db\ar\CActiveRecord.php(372): CActiveRecordMetaData->__construct(Object(Subscription))
#7 E:\www\yii\db\ar\CActiveRecord.php(387): CActiveRecord::model('Subscription')
#8 E:\www\yii\db\ar\CActiveRecord.php(62): CActiveRecord->getMetaData()
#9 E:\www\stas.dev.com\protected\components\Controller.php(49): CActiveRecord->__construct()
#10 E:\www\yii\web\CWebApplication.php(350): Controller->__construct('site', NULL)
#11 E:\www\yii\web\CWebApplication.php(271): CWebApplication->createController('')
#12 E:\www\yii\web\CWebApplication.php(136): CWebApplication->runController('')
#13 E:\www\yii\base\CApplication.php(158): CWebApplication->processRequest()
#14 E:\www\stas.dev.com\public\index.php(22): CApplication->run()
#15 {main} REQUEST_URI=/
2012/09/29 14:20:09 [error] [exception.CHttpException.404] exception 'CHttpException' with message 'Unable to resolve the request "favicon.ico".' in E:\www\yii\web\CWebApplication.php:281
Stack trace:
#0 E:\www\yii\web\CWebApplication.php(136): CWebApplication->runController('favicon.ico')
#1 E:\www\yii\base\CApplication.php(158): CWebApplication->processRequest()
#2 E:\www\stas.dev.com\public\index.php(22): CApplication->run()
#3 {main} REQUEST_URI=/favicon.ico
2012/09/29 14:20:37 [error] [system.db.CDbCommand] CDbCommand::fetchAll() failed: SQLSTATE[42S02]: Base table or view not found: 1146 Table 'stas.subscriptions' doesn't exist. The SQL statement executed was: SHOW COLUMNS FROM `subscriptions`.
in E:\www\stas.dev.com\protected\components\Controller.php (49)
in E:\www\stas.dev.com\public\index.php (22)
2012/09/29 14:20:37 [error] [exception.CDbException] exception 'CDbException' with message 'The table "subscriptions" for active record class "Subscription" cannot be found in the database.' in E:\www\yii\db\ar\CActiveRecord.php:2276
Stack trace:
#0 E:\www\yii\db\ar\CActiveRecord.php(372): CActiveRecordMetaData->__construct(Object(Subscription))
#1 E:\www\yii\db\ar\CActiveRecord.php(387): CActiveRecord::model('Subscription')
#2 E:\www\yii\db\ar\CActiveRecord.php(62): CActiveRecord->getMetaData()
#3 E:\www\stas.dev.com\protected\components\Controller.php(49): CActiveRecord->__construct()
#4 E:\www\yii\web\CWebApplication.php(350): Controller->__construct('site', NULL)
#5 E:\www\yii\web\CWebApplication.php(271): CWebApplication->createController('')
#6 E:\www\yii\web\CWebApplication.php(136): CWebApplication->runController('')
#7 E:\www\yii\base\CApplication.php(158): CWebApplication->processRequest()
#8 E:\www\stas.dev.com\public\index.php(22): CApplication->run()
#9 {main} REQUEST_URI=/
2012/09/29 14:20:37 [error] [exception.CHttpException.404] exception 'CHttpException' with message 'Unable to resolve the request "favicon.ico".' in E:\www\yii\web\CWebApplication.php:281
Stack trace:
#0 E:\www\yii\web\CWebApplication.php(136): CWebApplication->runController('favicon.ico')
#1 E:\www\yii\base\CApplication.php(158): CWebApplication->processRequest()
#2 E:\www\stas.dev.com\public\index.php(22): CApplication->run()
#3 {main} REQUEST_URI=/favicon.ico
2012/09/29 14:20:37 [error] [system.db.CDbCommand] CDbCommand::fetchAll() failed: SQLSTATE[42S02]: Base table or view not found: 1146 Table 'stas.subscriptions' doesn't exist. The SQL statement executed was: SHOW COLUMNS FROM `subscriptions`.
in E:\www\stas.dev.com\protected\components\Controller.php (49)
2012/09/29 14:21:46 [error] [exception.CException] exception 'CException' with message 'Property "SiteController.show_subscription" is not defined.' in E:\www\yii\base\CComponent.php:174
Stack trace:
#0 E:\www\stas.dev.com\protected\controllers\SiteController.php(37): CComponent->__set('show_subscripti...', true)
#1 E:\www\yii\web\actions\CInlineAction.php(50): SiteController->actionIndex()
#2 E:\www\yii\web\CController.php(300): CInlineAction->runWithParams(Array)
#3 E:\www\yii\web\CController.php(278): CController->runAction(Object(CInlineAction))
#4 E:\www\yii\web\CController.php(257): CController->runActionWithFilters(Object(CInlineAction), Array)
#5 E:\www\yii\web\CWebApplication.php(277): CController->run('')
#6 E:\www\yii\web\CWebApplication.php(136): CWebApplication->runController('')
#7 E:\www\yii\base\CApplication.php(158): CWebApplication->processRequest()
#8 E:\www\stas.dev.com\public\index.php(22): CApplication->run()
#9 {main} REQUEST_URI=/
2012/09/29 14:21:46 [error] [exception.CHttpException.404] exception 'CHttpException' with message 'Unable to resolve the request "favicon.ico".' in E:\www\yii\web\CWebApplication.php:281
Stack trace:
#0 E:\www\yii\web\CWebApplication.php(136): CWebApplication->runController('favicon.ico')
#1 E:\www\yii\base\CApplication.php(158): CWebApplication->processRequest()
#2 E:\www\stas.dev.com\public\index.php(22): CApplication->run()
#3 {main} REQUEST_URI=/favicon.ico
2012/09/29 14:23:16 [error] [php] include(SBaseController.php) [<a href='function.include'>function.include</a>]: failed to open stream: No such file or directory (E:\www\yii\YiiBase.php:421)
Stack trace:
#0 E:\www\stas.dev.com\protected\components\Controller.php(7): spl_autoload_call()
#1 E:\www\yii\YiiBase.php(421): include()
#2 unknown(0): autoload()
#3 E:\www\stas.dev.com\protected\controllers\SiteController.php(3): spl_autoload_call()
#4 E:\www\yii\web\CWebApplication.php(345): require()
#5 E:\www\yii\web\CWebApplication.php(271): CWebApplication->createController()
#6 E:\www\yii\web\CWebApplication.php(136): CWebApplication->runController()
#7 E:\www\yii\base\CApplication.php(158): CWebApplication->processRequest()
#8 E:\www\stas.dev.com\public\index.php(22): CWebApplication->run()
REQUEST_URI=/
in E:\www\stas.dev.com\protected\components\Controller.php (7)
in E:\www\stas.dev.com\protected\controllers\SiteController.php (3)
in E:\www\stas.dev.com\public\index.php (22)
2012/09/29 14:23:29 [error] [exception.CException] exception 'CException' with message 'Property "SiteController.show_subscription" is not defined.' in E:\www\yii\base\CComponent.php:174
Stack trace:
#0 E:\www\stas.dev.com\protected\controllers\SiteController.php(37): CComponent->__set('show_subscripti...', true)
#1 E:\www\yii\web\actions\CInlineAction.php(50): SiteController->actionIndex()
#2 E:\www\yii\web\CController.php(300): CInlineAction->runWithParams(Array)
#3 E:\www\yii\web\CController.php(278): CController->runAction(Object(CInlineAction))
#4 E:\www\yii\web\CController.php(257): CController->runActionWithFilters(Object(CInlineAction), Array)
#5 E:\www\yii\web\CWebApplication.php(277): CController->run('')
#6 E:\www\yii\web\CWebApplication.php(136): CWebApplication->runController('')
#7 E:\www\yii\base\CApplication.php(158): CWebApplication->processRequest()
#8 E:\www\stas.dev.com\public\index.php(22): CApplication->run()
#9 {main} REQUEST_URI=/
2012/09/29 14:23:29 [error] [exception.CHttpException.404] exception 'CHttpException' with message 'Unable to resolve the request "favicon.ico".' in E:\www\yii\web\CWebApplication.php:281
Stack trace:
#0 E:\www\yii\web\CWebApplication.php(136): CWebApplication->runController('favicon.ico')
#1 E:\www\yii\base\CApplication.php(158): CWebApplication->processRequest()
#2 E:\www\stas.dev.com\public\index.php(22): CApplication->run()
#3 {main} REQUEST_URI=/favicon.ico
2012/09/29 14:24:28 [error] [exception.CHttpException.404] exception 'CHttpException' with message 'Unable to resolve the request "favicon.ico".' in E:\www\yii\web\CWebApplication.php:281
Stack trace:
#0 E:\www\yii\web\CWebApplication.php(136): CWebApplication->runController('favicon.ico')
#1 E:\www\yii\base\CApplication.php(158): CWebApplication->processRequest()
#2 E:\www\stas.dev.com\public\index.php(22): CApplication->run()
#3 {main} REQUEST_URI=/favicon.ico
2012/09/29 14:24:30 [error] [exception.CHttpException.404] exception 'CHttpException' with message 'Unable to resolve the request "favicon.ico".' in E:\www\yii\web\CWebApplication.php:281
Stack trace:
#0 E:\www\yii\web\CWebApplication.php(136): CWebApplication->runController('favicon.ico')
#1 E:\www\yii\base\CApplication.php(158): CWebApplication->processRequest()
#2 E:\www\stas.dev.com\public\index.php(22): CApplication->run()
#3 {main} REQUEST_URI=/favicon.ico
2012/09/29 14:25:04 [error] [exception.CHttpException.404] exception 'CHttpException' with message 'Unable to resolve the request "favicon.ico".' in E:\www\yii\web\CWebApplication.php:281
Stack trace:
#0 E:\www\yii\web\CWebApplication.php(136): CWebApplication->runController('favicon.ico')
#1 E:\www\yii\base\CApplication.php(158): CWebApplication->processRequest()
#2 E:\www\stas.dev.com\public\index.php(22): CApplication->run()
#3 {main} REQUEST_URI=/favicon.ico
2012/09/29 14:25:04 [error] [exception.CHttpException.404] exception 'CHttpException' with message 'Unable to resolve the request "favicon.ico".' in E:\www\yii\web\CWebApplication.php:281
Stack trace:
#0 E:\www\yii\web\CWebApplication.php(136): CWebApplication->runController('favicon.ico')
#1 E:\www\yii\base\CApplication.php(158): CWebApplication->processRequest()
#2 E:\www\stas.dev.com\public\index.php(22): CApplication->run()
#3 {main} REQUEST_URI=/favicon.ico
2012/09/29 14:25:05 [error] [exception.CHttpException.404] exception 'CHttpException' with message 'Unable to resolve the request "favicon.ico".' in E:\www\yii\web\CWebApplication.php:281
Stack trace:
#0 E:\www\yii\web\CWebApplication.php(136): CWebApplication->runController('favicon.ico')
#1 E:\www\yii\base\CApplication.php(158): CWebApplication->processRequest()
#2 E:\www\stas.dev.com\public\index.php(22): CApplication->run()
#3 {main} REQUEST_URI=/favicon.ico
2012/09/29 14:25:24 [error] [exception.CHttpException.404] exception 'CHttpException' with message 'Unable to resolve the request "favicon.ico".' in E:\www\yii\web\CWebApplication.php:281
Stack trace:
#0 E:\www\yii\web\CWebApplication.php(136): CWebApplication->runController('favicon.ico')
#1 E:\www\yii\base\CApplication.php(158): CWebApplication->processRequest()
#2 E:\www\stas.dev.com\public\index.php(22): CApplication->run()
#3 {main} REQUEST_URI=/favicon.ico
2012/09/29 14:25:47 [error] [exception.CHttpException.404] exception 'CHttpException' with message 'Unable to resolve the request "favicon.ico".' in E:\www\yii\web\CWebApplication.php:281
Stack trace:
#0 E:\www\yii\web\CWebApplication.php(136): CWebApplication->runController('favicon.ico')
#1 E:\www\yii\base\CApplication.php(158): CWebApplication->processRequest()
#2 E:\www\stas.dev.com\public\index.php(22): CApplication->run()
#3 {main} REQUEST_URI=/favicon.ico
2012/09/29 14:26:21 [error] [exception.CException] exception 'CException' with message 'SiteController cannot find the requested view "index".' in E:\www\yii\web\CController.php:875
Stack trace:
#0 E:\www\yii\web\CController.php(779): CController->renderPartial('index', NULL, true)
#1 E:\www\stas.dev.com\protected\controllers\SiteController.php(31): CController->render('index')
#2 E:\www\yii\web\actions\CInlineAction.php(50): SiteController->actionIndex()
#3 E:\www\yii\web\CController.php(300): CInlineAction->runWithParams(Array)
#4 E:\www\yii\web\CController.php(278): CController->runAction(Object(CInlineAction))
#5 E:\www\yii\web\CController.php(257): CController->runActionWithFilters(Object(CInlineAction), Array)
#6 E:\www\yii\web\CWebApplication.php(277): CController->run('')
#7 E:\www\yii\web\CWebApplication.php(136): CWebApplication->runController('')
#8 E:\www\yii\base\CApplication.php(158): CWebApplication->processRequest()
#9 E:\www\stas.dev.com\public\index.php(22): CApplication->run()
#10 {main} REQUEST_URI=/
2012/09/29 14:26:21 [error] [exception.CHttpException.404] exception 'CHttpException' with message 'Unable to resolve the request "favicon.ico".' in E:\www\yii\web\CWebApplication.php:281
Stack trace:
#0 E:\www\yii\web\CWebApplication.php(136): CWebApplication->runController('favicon.ico')
#1 E:\www\yii\base\CApplication.php(158): CWebApplication->processRequest()
#2 E:\www\stas.dev.com\public\index.php(22): CApplication->run()
#3 {main} REQUEST_URI=/favicon.ico
2012/09/29 14:26:50 [error] [exception.CException] exception 'CException' with message 'CAssetManager.basePath "E:\www\stas.dev.com\public\assets" is invalid. Please make sure the directory exists and is writable by the Web server process.' in E:\www\yii\web\CAssetManager.php:112
Stack trace:
#0 E:\www\yii\web\CAssetManager.php(97): CAssetManager->setBasePath('E:\www\stas.dev...')
#1 E:\www\yii\web\CAssetManager.php(207): CAssetManager->getBasePath()
#2 E:\www\yii\web\CClientScript.php(453): CAssetManager->publish('E:\www\yii/web/...')
#3 E:\www\yii\web\CClientScript.php(490): CClientScript->getCoreScriptUrl()
#4 E:\www\yii\web\CClientScript.php(306): CClientScript->getPackageBaseUrl('jquery')
#5 E:\www\yii\web\CClientScript.php(197): CClientScript->renderCoreScripts()
#6 E:\www\yii\web\CController.php(343): CClientScript->render('<!DOCTYPE html>...')
#7 E:\www\yii\web\CController.php(785): CController->processOutput('<!DOCTYPE html>...')
#8 E:\www\stas.dev.com\protected\controllers\SiteController.php(31): CController->render('index')
#9 E:\www\yii\web\actions\CInlineAction.php(50): SiteController->actionIndex()
#10 E:\www\yii\web\CController.php(300): CInlineAction->runWithParams(Array)
#11 E:\www\yii\web\CController.php(278): CController->runAction(Object(CInlineAction))
#12 E:\www\yii\web\CController.php(257): CController->runActionWithFilters(Object(CInlineAction), Array)
#13 E:\www\yii\web\CWebApplication.php(277): CController->run('')
#14 E:\www\yii\web\CWebApplication.php(136): CWebApplication->runController('')
#15 E:\www\yii\base\CApplication.php(158): CWebApplication->processRequest()
#16 E:\www\stas.dev.com\public\index.php(22): CApplication->run()
#17 {main} REQUEST_URI=/
2012/09/29 14:26:50 [error] [exception.CHttpException.404] exception 'CHttpException' with message 'Unable to resolve the request "favicon.ico".' in E:\www\yii\web\CWebApplication.php:281
Stack trace:
#0 E:\www\yii\web\CWebApplication.php(136): CWebApplication->runController('favicon.ico')
#1 E:\www\yii\base\CApplication.php(158): CWebApplication->processRequest()
#2 E:\www\stas.dev.com\public\index.php(22): CApplication->run()
#3 {main} REQUEST_URI=/favicon.ico
2012/09/29 14:27:07 [error] [exception.CHttpException.404] exception 'CHttpException' with message 'Unable to resolve the request "favicon.ico".' in E:\www\yii\web\CWebApplication.php:281
Stack trace:
#0 E:\www\yii\web\CWebApplication.php(136): CWebApplication->runController('favicon.ico')
#1 E:\www\yii\base\CApplication.php(158): CWebApplication->processRequest()
#2 E:\www\stas.dev.com\public\index.php(22): CApplication->run()
#3 {main} REQUEST_URI=/favicon.ico
2012/09/29 14:37:32 [error] [exception.CHttpException.404] exception 'CHttpException' with message 'Unable to resolve the request "favicon.ico".' in E:\www\yii\web\CWebApplication.php:281
Stack trace:
#0 E:\www\yii\web\CWebApplication.php(136): CWebApplication->runController('favicon.ico')
#1 E:\www\yii\base\CApplication.php(158): CWebApplication->processRequest()
#2 E:\www\stas.dev.com\public\index.php(22): CApplication->run()
#3 {main} REQUEST_URI=/favicon.ico
2012/09/29 14:38:58 [error] [exception.CHttpException.404] exception 'CHttpException' with message 'Unable to resolve the request "favicon.ico".' in E:\www\yii\web\CWebApplication.php:281
Stack trace:
#0 E:\www\yii\web\CWebApplication.php(136): CWebApplication->runController('favicon.ico')
#1 E:\www\yii\base\CApplication.php(158): CWebApplication->processRequest()
#2 E:\www\stas.dev.com\public\index.php(22): CApplication->run()
#3 {main} REQUEST_URI=/favicon.ico
2012/09/29 14:42:31 [error] [exception.CHttpException.404] exception 'CHttpException' with message 'Unable to resolve the request "favicon.ico".' in E:\www\yii\web\CWebApplication.php:281
Stack trace:
#0 E:\www\yii\web\CWebApplication.php(136): CWebApplication->runController('favicon.ico')
#1 E:\www\yii\base\CApplication.php(158): CWebApplication->processRequest()
#2 E:\www\stas.dev.com\public\index.php(22): CApplication->run()
#3 {main} REQUEST_URI=/favicon.ico
2012/09/29 14:46:34 [error] [exception.CHttpException.404] exception 'CHttpException' with message 'Unable to resolve the request "favicon.ico".' in E:\www\yii\web\CWebApplication.php:281
Stack trace:
#0 E:\www\yii\web\CWebApplication.php(136): CWebApplication->runController('favicon.ico')
#1 E:\www\yii\base\CApplication.php(158): CWebApplication->processRequest()
#2 E:\www\stas.dev.com\public\index.php(22): CApplication->run()
#3 {main} REQUEST_URI=/favicon.ico
2012/09/29 14:46:44 [error] [exception.CHttpException.404] exception 'CHttpException' with message 'Unable to resolve the request "favicon.ico".' in E:\www\yii\web\CWebApplication.php:281
Stack trace:
#0 E:\www\yii\web\CWebApplication.php(136): CWebApplication->runController('favicon.ico')
#1 E:\www\yii\base\CApplication.php(158): CWebApplication->processRequest()
#2 E:\www\stas.dev.com\public\index.php(22): CApplication->run()
#3 {main} REQUEST_URI=/favicon.ico
2012/09/29 14:46:55 [error] [exception.CHttpException.404] exception 'CHttpException' with message 'Unable to resolve the request "favicon.ico".' in E:\www\yii\web\CWebApplication.php:281
Stack trace:
#0 E:\www\yii\web\CWebApplication.php(136): CWebApplication->runController('favicon.ico')
#1 E:\www\yii\base\CApplication.php(158): CWebApplication->processRequest()
#2 E:\www\stas.dev.com\public\index.php(22): CApplication->run()
#3 {main} REQUEST_URI=/favicon.ico
2012/09/29 14:47:31 [error] [exception.CHttpException.404] exception 'CHttpException' with message 'Unable to resolve the request "favicon.ico".' in E:\www\yii\web\CWebApplication.php:281
Stack trace:
#0 E:\www\yii\web\CWebApplication.php(136): CWebApplication->runController('favicon.ico')
#1 E:\www\yii\base\CApplication.php(158): CWebApplication->processRequest()
#2 E:\www\stas.dev.com\public\index.php(22): CApplication->run()
#3 {main} REQUEST_URI=/favicon.ico
2012/09/29 15:00:00 [error] [exception.CHttpException.404] exception 'CHttpException' with message 'Unable to resolve the request "favicon.ico".' in E:\www\yii\web\CWebApplication.php:281
Stack trace:
#0 E:\www\yii\web\CWebApplication.php(136): CWebApplication->runController('favicon.ico')
#1 E:\www\yii\base\CApplication.php(158): CWebApplication->processRequest()
#2 E:\www\stas.dev.com\public\index.php(22): CApplication->run()
#3 {main} REQUEST_URI=/favicon.ico
2012/09/29 15:00:04 [error] [exception.CHttpException.404] exception 'CHttpException' with message 'Unable to resolve the request "favicon.ico".' in E:\www\yii\web\CWebApplication.php:281
Stack trace:
#0 E:\www\yii\web\CWebApplication.php(136): CWebApplication->runController('favicon.ico')
#1 E:\www\yii\base\CApplication.php(158): CWebApplication->processRequest()
#2 E:\www\stas.dev.com\public\index.php(22): CApplication->run()
#3 {main} REQUEST_URI=/favicon.ico
2012/09/29 15:00:12 [error] [exception.CHttpException.404] exception 'CHttpException' with message 'Unable to resolve the request "favicon.ico".' in E:\www\yii\web\CWebApplication.php:281
Stack trace:
#0 E:\www\yii\web\CWebApplication.php(136): CWebApplication->runController('favicon.ico')
#1 E:\www\yii\base\CApplication.php(158): CWebApplication->processRequest()
#2 E:\www\stas.dev.com\public\index.php(22): CApplication->run()
#3 {main} REQUEST_URI=/favicon.ico
2012/09/29 15:00:18 [error] [exception.CHttpException.404] exception 'CHttpException' with message 'Unable to resolve the request "favicon.ico".' in E:\www\yii\web\CWebApplication.php:281
Stack trace:
#0 E:\www\yii\web\CWebApplication.php(136): CWebApplication->runController('favicon.ico')
#1 E:\www\yii\base\CApplication.php(158): CWebApplication->processRequest()
#2 E:\www\stas.dev.com\public\index.php(22): CApplication->run()
#3 {main} REQUEST_URI=/favicon.ico
2012/09/29 15:00:27 [error] [exception.CHttpException.404] exception 'CHttpException' with message 'Unable to resolve the request "favicon.ico".' in E:\www\yii\web\CWebApplication.php:281
Stack trace:
#0 E:\www\yii\web\CWebApplication.php(136): CWebApplication->runController('favicon.ico')
#1 E:\www\yii\base\CApplication.php(158): CWebApplication->processRequest()
#2 E:\www\stas.dev.com\public\index.php(22): CApplication->run()
#3 {main} REQUEST_URI=/favicon.ico
2012/09/30 08:30:33 [error] [exception.CHttpException.404] exception 'CHttpException' with message 'Unable to resolve the request "favicon.ico".' in E:\www\yii\web\CWebApplication.php:281
Stack trace:
#0 E:\www\yii\web\CWebApplication.php(136): CWebApplication->runController('favicon.ico')
#1 E:\www\yii\base\CApplication.php(158): CWebApplication->processRequest()
#2 E:\www\stas.dev.com\public\index.php(22): CApplication->run()
#3 {main} REQUEST_URI=/favicon.ico
2012/09/30 08:30:37 [error] [exception.CHttpException.404] exception 'CHttpException' with message 'Unable to resolve the request "favicon.ico".' in E:\www\yii\web\CWebApplication.php:281
Stack trace:
#0 E:\www\yii\web\CWebApplication.php(136): CWebApplication->runController('favicon.ico')
#1 E:\www\yii\base\CApplication.php(158): CWebApplication->processRequest()
#2 E:\www\stas.dev.com\public\index.php(22): CApplication->run()
#3 {main} REQUEST_URI=/favicon.ico
2012/09/30 08:30:39 [error] [exception.CHttpException.404] exception 'CHttpException' with message 'Unable to resolve the request "favicon.ico".' in E:\www\yii\web\CWebApplication.php:281
Stack trace:
#0 E:\www\yii\web\CWebApplication.php(136): CWebApplication->runController('favicon.ico')
#1 E:\www\yii\base\CApplication.php(158): CWebApplication->processRequest()
#2 E:\www\stas.dev.com\public\index.php(22): CApplication->run()
#3 {main} REQUEST_URI=/favicon.ico
2012/09/30 08:30:40 [error] [exception.CHttpException.404] exception 'CHttpException' with message 'Unable to resolve the request "favicon.ico".' in E:\www\yii\web\CWebApplication.php:281
Stack trace:
#0 E:\www\yii\web\CWebApplication.php(136): CWebApplication->runController('favicon.ico')
#1 E:\www\yii\base\CApplication.php(158): CWebApplication->processRequest()
#2 E:\www\stas.dev.com\public\index.php(22): CApplication->run()
#3 {main} REQUEST_URI=/favicon.ico
2012/09/30 08:30:41 [error] [exception.CHttpException.404] exception 'CHttpException' with message 'Unable to resolve the request "favicon.ico".' in E:\www\yii\web\CWebApplication.php:281
Stack trace:
#0 E:\www\yii\web\CWebApplication.php(136): CWebApplication->runController('favicon.ico')
#1 E:\www\yii\base\CApplication.php(158): CWebApplication->processRequest()
#2 E:\www\stas.dev.com\public\index.php(22): CApplication->run()
#3 {main} REQUEST_URI=/favicon.ico
